--2016-02-10 16:35:50--  http://hgdownload.soe.ucsc.edu/goldenPath/mm10/chromosomes/chr19.fa.gz
Resolving hgdownload.soe.ucsc.edu... 128.114.119.163
Connecting to hgdownload.soe.ucsc.edu|128.114.119.163|:80... connected.
HTTP request sent, awaiting response... 200 OK
Length: 19139583 (18M) [application/x-gzip]
Saving to: 'chr19.fa.gz'

     0K .......... .......... .......... .......... ..........  0%  138K 2m15s
    50K .......... .......... .......... .......... ..........  0%  270K 1m42s
   100K .......... .......... .......... .......... ..........  0%  263K 91s
   150K .......... .......... .......... .......... ..........  1%  261K 86s
   200K .......... .......... .......... .......... ..........  1% 17.3M 69s
   250K .......... .......... .......... .......... ..........  1%  261K 69s
   300K .......... .......... .......... .......... ..........  1% 11.5M 59s
   350K .......... .......... .......... .......... ..........  2%  286K 60s
   400K .......... .......... .......... .......... ..........  2% 11.6M 53s
   450K .......... .......... .......... .......... ..........  2% 19.2M 48s
   500K .......... .......... .......... .......... ..........  2%  289K 49s
   550K .......... .......... .......... .......... ..........  3% 20.2M 45s
   600K .......... .......... .......... .......... ..........  3%  289K 46s
   650K .......... .......... .......... .......... ..........  3% 17.5M 43s
   700K .......... .......... .......... .......... ..........  4% 18.7M 40s
   750K .......... .......... .......... .......... ..........  4%  286K 41s
   800K .......... .......... .......... .......... ..........  4% 27.4M 39s
   850K .......... .......... .......... .......... ..........  4% 26.2M 36s
   900K .......... .......... .......... .......... ..........  5% 24.2M 34s
   950K .......... .......... .......... .......... ..........  5% 19.1M 33s
  1000K .......... .......... .......... .......... ..........  5%  300K 34s
  1050K .......... .......... .......... .......... ..........  5% 18.7M 32s
  1100K .......... .......... .......... .......... ..........  6% 19.5M 31s
  1150K .......... .......... .......... .......... ..........  6% 23.3M 29s
  1200K .......... .......... .......... .......... ..........  6% 25.7M 28s
  1250K .......... .......... .......... .......... ..........  6% 26.6M 27s
  1300K .......... .......... .......... .......... ..........  7%  304K 28s
  1350K .......... .......... .......... .......... ..........  7% 12.5M 27s
  1400K .......... .......... .......... .......... ..........  7% 20.2M 26s
  1450K .......... .......... .......... .......... ..........  8% 21.1M 25s
  1500K .......... .......... .......... .......... ..........  8% 24.5M 24s
  1550K .......... .......... .......... .......... ..........  8% 23.7M 24s
  1600K .......... .......... .......... .......... ..........  8% 19.2M 23s
  1650K .......... .......... .......... .......... ..........  9%  497K 23s
  1700K .......... .......... .......... .......... ..........  9%  791K 23s
  1750K .......... .......... .......... .......... ..........  9% 21.0M 22s
  1800K .......... .......... .......... .......... ..........  9% 18.8M 22s
  1850K .......... .......... .......... .......... .......... 10% 21.1M 21s
  1900K .......... .......... .......... .......... .......... 10% 20.0M 20s
  1950K .......... .......... .......... .......... .......... 10% 20.3M 20s
  2000K .......... .......... .......... .......... .......... 10% 18.4M 19s
  2050K .......... .......... .......... .......... .......... 11% 22.4M 19s
  2100K .......... .......... .......... .......... .......... 11% 19.8M 18s
  2150K .......... .......... .......... .......... .......... 11% 23.0M 18s
  2200K .......... .......... .......... .......... .......... 12%  545K 18s
  2250K .......... .......... .......... .......... .......... 12% 11.8M 18s
  2300K .......... .......... .......... .......... .......... 12%  860K 18s
  2350K .......... .......... .......... .......... .......... 12% 11.4M 17s
  2400K .......... .......... .......... .......... .......... 13% 15.3M 17s
  2450K .......... .......... .......... .......... .......... 13% 26.5M 17s
  2500K .......... .......... .......... .......... .......... 13% 24.5M 16s
  2550K .......... .......... .......... .......... .......... 13% 26.7M 16s
  2600K .......... .......... .......... .......... .......... 14% 27.6M 15s
  2650K .......... .......... .......... .......... .......... 14% 5.85M 15s
  2700K .......... .......... .......... .......... .......... 14% 27.3M 15s
  2750K .......... .......... .......... .......... .......... 14% 27.0M 15s
  2800K .......... .......... .......... .......... .......... 15% 23.8M 14s
  2850K .......... .......... .......... .......... .......... 15%  581K 14s
  2900K .......... .......... .......... .......... .......... 15% 27.8M 14s
  2950K .......... .......... .......... .......... .......... 16% 22.3M 14s
  3000K .......... .......... .......... .......... .......... 16% 23.2M 14s
  3050K .......... .......... .......... .......... .......... 16%  867K 14s
  3100K .......... .......... .......... .......... .......... 16% 19.9M 13s
  3150K .......... .......... .......... .......... .......... 17% 25.3M 13s
  3200K .......... .......... .......... .......... .......... 17% 26.3M 13s
  3250K .......... .......... .......... .......... .......... 17% 24.1M 13s
  3300K .......... .......... .......... .......... .......... 17% 24.3M 13s
  3350K .......... .......... .......... .......... .......... 18% 28.0M 12s
  3400K .......... .......... .......... .......... .......... 18% 5.28M 12s
  3450K .......... .......... .......... .......... .......... 18% 21.1M 12s
  3500K .......... .......... .......... .......... .......... 18% 24.3M 12s
  3550K .......... .......... .......... .......... .......... 19% 24.7M 12s
  3600K .......... .......... .......... .......... .......... 19% 26.5M 11s
  3650K .......... .......... .......... .......... .......... 19%  597K 11s
  3700K .......... .......... .......... .......... .......... 20% 18.2M 11s
  3750K .......... .......... .......... .......... .......... 20% 19.9M 11s
  3800K .......... .......... .......... .......... .......... 20% 21.0M 11s
  3850K .......... .......... .......... .......... .......... 20%  908K 11s
  3900K .......... .......... .......... .......... .......... 21% 19.2M 11s
  3950K .......... .......... .......... .......... .......... 21% 19.2M 11s
  4000K .......... .......... .......... .......... .......... 21% 19.8M 11s
  4050K .......... .......... .......... .......... .......... 21% 22.1M 10s
  4100K .......... .......... .......... .......... .......... 22% 23.5M 10s
  4150K .......... .......... .......... .......... .......... 22% 24.7M 10s
  4200K .......... .......... .......... .......... .......... 22% 20.7M 10s
  4250K .......... .......... .......... .......... .......... 23% 23.7M 10s
  4300K .......... .......... .......... .......... .......... 23% 9.55M 10s
  4350K .......... .......... .......... .......... .......... 23% 22.2M 9s
  4400K .......... .......... .......... .......... .......... 23% 23.1M 9s
  4450K .......... .......... .......... .......... .......... 24% 25.6M 9s
  4500K .......... .......... .......... .......... .......... 24%  582K 9s
  4550K .......... .......... .......... .......... .......... 24% 21.1M 9s
  4600K .......... .......... .......... .......... .......... 24% 18.0M 9s
  4650K .......... .......... .......... .......... .......... 25% 19.6M 9s
  4700K .......... .......... .......... .......... .......... 25% 20.3M 9s
  4750K .......... .......... .......... .......... .......... 25%  960K 9s
  4800K .......... .......... .......... .......... .......... 25% 16.7M 9s
  4850K .......... .......... .......... .......... .......... 26% 18.0M 9s
  4900K .......... .......... .......... .......... .......... 26% 19.4M 9s
  4950K .......... .......... .......... .......... .......... 26% 18.5M 8s
  5000K .......... .......... .......... .......... .......... 27% 16.0M 8s
  5050K .......... .......... .......... .......... .......... 27% 19.3M 8s
  5100K .......... .......... .......... .......... .......... 27% 25.9M 8s
  5150K .......... .......... .......... .......... .......... 27% 9.26M 8s
  5200K .......... .......... .......... .......... .......... 28% 27.2M 8s
  5250K .......... .......... .......... .......... .......... 28% 28.3M 8s
  5300K .......... .......... .......... .......... .......... 28% 28.5M 8s
  5350K .......... .......... .......... .......... .......... 28% 23.4M 8s
  5400K .......... .......... .......... .......... .......... 29%  589K 8s
  5450K .......... .......... .......... .......... .......... 29% 22.4M 8s
  5500K .......... .......... .......... .......... .......... 29% 27.2M 8s
  5550K .......... .......... .......... .......... .......... 29%  881K 8s
  5600K .......... .......... .......... .......... .......... 30% 18.9M 8s
  5650K .......... .......... .......... .......... .......... 30% 18.2M 7s
  5700K .......... .......... .......... .......... .......... 30% 23.2M 7s
  5750K .......... .......... .......... .......... .......... 31% 25.0M 7s
  5800K .......... .......... .......... .......... .......... 31% 21.6M 7s
  5850K .......... .......... .......... .......... .......... 31% 22.1M 7s
  5900K .......... .......... .......... .......... .......... 31% 27.6M 7s
  5950K .......... .......... .......... .......... .......... 32% 27.9M 7s
  6000K .......... .......... .......... .......... .......... 32% 8.24M 7s
  6050K .......... .......... .......... .......... .......... 32% 27.8M 7s
  6100K .......... .......... .......... .......... .......... 32% 22.2M 7s
  6150K .......... .......... .......... .......... .......... 33% 22.4M 7s
  6200K .......... .......... .......... .......... .......... 33%  581K 7s
  6250K .......... .......... .......... .......... .......... 33% 20.0M 7s
  6300K .......... .......... .......... .......... .......... 33% 23.6M 7s
  6350K .......... .......... .......... .......... .......... 34% 23.4M 6s
  6400K .......... .......... .......... .......... .......... 34% 27.2M 6s
  6450K .......... .......... .......... .......... .......... 34% 26.7M 6s
  6500K .......... .......... .......... .......... .......... 35% 25.7M 6s
  6550K .......... .......... .......... .......... .......... 35%  972K 6s
  6600K .......... .......... .......... .......... .......... 35% 15.3M 6s
  6650K .......... .......... .......... .......... .......... 35% 12.8M 6s
  6700K .......... .......... .......... .......... .......... 36% 26.6M 6s
  6750K .......... .......... .......... .......... .......... 36% 27.3M 6s
  6800K .......... .......... .......... .......... .......... 36% 22.4M 6s
  6850K .......... .......... .......... .......... .......... 36% 4.91M 6s
  6900K .......... .......... .......... .......... .......... 37% 21.9M 6s
  6950K .......... .......... .......... .......... .......... 37% 18.9M 6s
  7000K .......... .......... .......... .......... .......... 37% 22.5M 6s
  7050K .......... .......... .......... .......... .......... 37% 21.5M 6s
  7100K .......... .......... .......... .......... .......... 38% 6.17M 6s
  7150K .......... .......... .......... .......... .......... 38%  665K 6s
  7200K .......... .......... .......... .......... .......... 38% 19.2M 6s
  7250K .......... .......... .......... .......... .......... 39% 20.7M 6s
  7300K .......... .......... .......... .......... .......... 39% 17.2M 5s
  7350K .......... .......... .......... .......... .......... 39%  935K 6s
  7400K .......... .......... .......... .......... .......... 39% 18.8M 5s
  7450K .......... .......... .......... .......... .......... 40% 17.9M 5s
  7500K .......... .......... .......... .......... .......... 40% 18.6M 5s
  7550K .......... .......... .......... .......... .......... 40% 16.1M 5s
  7600K .......... .......... .......... .......... .......... 40% 18.2M 5s
  7650K .......... .......... .......... .......... .......... 41% 18.0M 5s
  7700K .......... .......... .......... .......... .......... 41% 17.6M 5s
  7750K .......... .......... .......... .......... .......... 41% 15.0M 5s
  7800K .......... .......... .......... .......... .......... 41% 25.4M 5s
  7850K .......... .......... .......... .......... .......... 42% 24.9M 5s
  7900K .......... .......... .......... .......... .......... 42% 27.5M 5s
  7950K .......... .......... .......... .......... .......... 42% 3.67M 5s
  8000K .......... .......... .......... .......... .......... 43% 27.1M 5s
  8050K .......... .......... .......... .......... .......... 43% 24.0M 5s
  8100K .......... .......... .......... .......... .......... 43%  724K 5s
  8150K .......... .......... .......... .......... .......... 43% 9.44M 5s
  8200K .......... .......... .......... .......... .......... 44% 22.7M 5s
  8250K .......... .......... .......... .......... .......... 44%  885K 5s
  8300K .......... .......... .......... .......... .......... 44% 21.7M 5s
  8350K .......... .......... .......... .......... .......... 44% 24.4M 5s
  8400K .......... .......... .......... .......... .......... 45% 26.4M 5s
  8450K .......... .......... .......... .......... .......... 45% 24.6M 5s
  8500K .......... .......... .......... .......... .......... 45% 12.5M 5s
  8550K .......... .......... .......... .......... .......... 46% 24.6M 4s
  8600K .......... .......... .......... .......... .......... 46% 28.4M 4s
  8650K .......... .......... .......... .......... .......... 46% 5.95M 4s
  8700K .......... .......... .......... .......... .......... 46% 23.6M 4s
  8750K .......... .......... .......... .......... .......... 47% 28.1M 4s
  8800K .......... .......... .......... .......... .......... 47% 28.6M 4s
  8850K .......... .......... .......... .......... .......... 47% 28.4M 4s
  8900K .......... .......... .......... .......... .......... 47% 5.23M 4s
  8950K .......... .......... .......... .......... .......... 48%  672K 4s
  9000K .......... .......... .......... .......... .......... 48% 17.8M 4s
  9050K .......... .......... .......... .......... .......... 48% 20.7M 4s
  9100K .......... .......... .......... .......... .......... 48% 25.7M 4s
  9150K .......... .......... .......... .......... .......... 49% 21.4M 4s
  9200K .......... .......... .......... .......... .......... 49%  926K 4s
  9250K .......... .......... .......... .......... .......... 49% 18.5M 4s
  9300K .......... .......... .......... .......... .......... 50% 20.3M 4s
  9350K .......... .......... .......... .......... .......... 50% 22.2M 4s
  9400K .......... .......... .......... .......... .......... 50% 21.1M 4s
  9450K .......... .......... .......... .......... .......... 50% 22.7M 4s
  9500K .......... .......... .......... .......... .......... 51% 4.83M 4s
  9550K .......... .......... .......... .......... .......... 51% 23.5M 4s
  9600K .......... .......... .......... .......... .......... 51% 21.5M 4s
  9650K .......... .......... .......... .......... .......... 51% 18.4M 4s
  9700K .......... .......... .......... .......... .......... 52% 5.14M 4s
  9750K .......... .......... .......... .......... .......... 52% 21.8M 4s
  9800K .......... .......... .......... .......... .......... 52% 20.8M 4s
  9850K .......... .......... .......... .......... .......... 52% 17.2M 4s
  9900K .......... .......... .......... .......... .......... 53%  736K 4s
  9950K .......... .......... .......... .......... .......... 53% 13.6M 4s
 10000K .......... .......... .......... .......... .......... 53% 18.6M 4s
 10050K .......... .......... .......... .......... .......... 54%  872K 4s
 10100K .......... .......... .......... .......... .......... 54% 15.7M 3s
 10150K .......... .......... .......... .......... .......... 54% 19.5M 3s
 10200K .......... .......... .......... .......... .......... 54% 17.2M 3s
 10250K .......... .......... .......... .......... .......... 55% 18.2M 3s
 10300K .......... .......... .......... .......... .......... 55% 16.6M 3s
 10350K .......... .......... .......... .......... .......... 55% 21.1M 3s
 10400K .......... .......... .......... .......... .......... 55% 19.0M 3s
 10450K .......... .......... .......... .......... .......... 56% 16.6M 3s
 10500K .......... .......... .......... .......... .......... 56% 25.8M 3s
 10550K .......... .......... .......... .......... .......... 56% 25.3M 3s
 10600K .......... .......... .......... .......... .......... 56% 3.72M 3s
 10650K .......... .......... .......... .......... .......... 57% 23.3M 3s
 10700K .......... .......... .......... .......... .......... 57% 25.8M 3s
 10750K .......... .......... .......... .......... .......... 57%  691K 3s
 10800K .......... .......... .......... .......... .......... 58% 18.4M 3s
 10850K .......... .......... .......... .......... .......... 58% 22.1M 3s
 10900K .......... .......... .......... .......... .......... 58% 25.0M 3s
 10950K .......... .......... .......... .......... .......... 58% 27.8M 3s
 11000K .......... .......... .......... .......... .......... 59%  937K 3s
 11050K .......... .......... .......... .......... .......... 59% 16.6M 3s
 11100K .......... .......... .......... .......... .......... 59% 13.6M 3s
 11150K .......... .......... .......... .......... .......... 59% 10.9M 3s
 11200K .......... .......... .......... .......... .......... 60% 27.0M 3s
 11250K .......... .......... .......... .......... .......... 60% 28.2M 3s
 11300K .......... .......... .......... .......... .......... 60% 5.96M 3s
 11350K .......... .......... .......... .......... .......... 60% 23.3M 3s
 11400K .......... .......... .......... .......... .......... 61% 23.6M 3s
 11450K .......... .......... .......... .......... .......... 61% 20.4M 3s
 11500K .......... .......... .......... .......... .......... 61% 28.7M 3s
 11550K .......... .......... .......... .......... .......... 62% 5.71M 3s
 11600K .......... .......... .......... .......... .......... 62%  682K 3s
 11650K .......... .......... .......... .......... .......... 62% 16.4M 3s
 11700K .......... .......... .......... .......... .......... 62% 22.1M 3s
 11750K .......... .......... .......... .......... .......... 63% 24.5M 3s
 11800K .......... .......... .......... .......... .......... 63%  900K 3s
 11850K .......... .......... .......... .......... .......... 63% 19.8M 3s
 11900K .......... .......... .......... .......... .......... 63% 20.6M 3s
 11950K .......... .......... .......... .......... .......... 64% 23.7M 3s
 12000K .......... .......... .......... .......... .......... 64% 26.3M 2s
 12050K .......... .......... .......... .......... .......... 64% 26.5M 2s
 12100K .......... .......... .......... .......... .......... 65% 22.7M 2s
 12150K .......... .......... .......... .......... .......... 65% 25.8M 2s
 12200K .......... .......... .......... .......... .......... 65% 4.91M 2s
 12250K .......... .......... .......... .......... .......... 65% 19.2M 2s
 12300K .......... .......... .......... .......... .......... 66% 23.0M 2s
 12350K .......... .......... .......... .......... .......... 66% 23.0M 2s
 12400K .......... .......... .......... .......... .......... 66% 4.45M 2s
 12450K .......... .......... .......... .......... .......... 66% 23.7M 2s
 12500K .......... .......... .......... .......... .......... 67% 22.7M 2s
 12550K .......... .......... .......... .......... .......... 67%  732K 2s
 12600K .......... .......... .......... .......... .......... 67% 15.1M 2s
 12650K .......... .......... .......... .......... .......... 67% 15.4M 2s
 12700K .......... .......... .......... .......... .......... 68%  879K 2s
 12750K .......... .......... .......... .......... .......... 68% 16.0M 2s
 12800K .......... .......... .......... .......... .......... 68% 14.6M 2s
 12850K .......... .......... .......... .......... .......... 69% 18.7M 2s
 12900K .......... .......... .......... .......... .......... 69% 19.9M 2s
 12950K .......... .......... .......... .......... .......... 69% 19.6M 2s
 13000K .......... .......... .......... .......... .......... 69% 16.9M 2s
 13050K .......... .......... .......... .......... .......... 70% 20.8M 2s
 13100K .......... .......... .......... .......... .......... 70% 20.1M 2s
 13150K .......... .......... .......... .......... .......... 70% 15.0M 2s
 13200K .......... .......... .......... .......... .......... 70% 24.6M 2s
 13250K .......... .......... .......... .......... .......... 71% 3.82M 2s
 13300K .......... .......... .......... .......... .......... 71% 25.7M 2s
 13350K .......... .......... .......... .......... .......... 71% 24.4M 2s
 13400K .......... .......... .......... .......... .......... 71%  701K 2s
 13450K .......... .......... .......... .......... .......... 72% 18.8M 2s
 13500K .......... .......... .......... .......... .......... 72% 24.6M 2s
 13550K .......... .......... .......... .......... .......... 72% 25.9M 2s
 13600K .......... .......... .......... .......... .......... 73% 28.2M 2s
 13650K .......... .......... .......... .......... .......... 73%  932K 2s
 13700K .......... .......... .......... .......... .......... 73% 13.6M 2s
 13750K .......... .......... .......... .......... .......... 73% 27.2M 2s
 13800K .......... .......... .......... .......... .......... 74% 12.8M 2s
 13850K .......... .......... .......... .......... .......... 74% 9.79M 2s
 13900K .......... .......... .......... .......... .......... 74% 25.8M 2s
 13950K .......... .......... .......... .......... .......... 74% 6.42M 2s
 14000K .......... .......... .......... .......... .......... 75% 24.5M 2s
 14050K .......... .......... .......... .......... .......... 75% 26.7M 2s
 14100K .......... .......... .......... .......... .......... 75% 24.9M 2s
 14150K .......... .......... .......... .......... .......... 75% 22.6M 2s
 14200K .......... .......... .......... .......... .......... 76% 5.13M 2s
 14250K .......... .......... .......... .......... .......... 76% 27.2M 2s
 14300K .......... .......... .......... .......... .......... 76%  680K 2s
 14350K .......... .......... .......... .......... .......... 77% 21.3M 1s
 14400K .......... .......... .......... .......... .......... 77% 23.3M 1s
 14450K .......... .......... .......... .......... .......... 77% 24.1M 1s
 14500K .......... .......... .......... .......... .......... 77%  910K 1s
 14550K .......... .......... .......... .......... .......... 78% 17.9M 1s
 14600K .......... .......... .......... .......... .......... 78% 22.1M 1s
 14650K .......... .......... .......... .......... .......... 78% 24.0M 1s
 14700K .......... .......... .......... .......... .......... 78% 25.1M 1s
 14750K .......... .......... .......... .......... .......... 79% 21.1M 1s
 14800K .......... .......... .......... .......... .......... 79% 21.8M 1s
 14850K .......... .......... .......... .......... .......... 79% 4.84M 1s
 14900K .......... .......... .......... .......... .......... 79% 20.4M 1s
 14950K .......... .......... .......... .......... .......... 80% 19.5M 1s
 15000K .......... .......... .......... .......... .......... 80% 20.2M 1s
 15050K .......... .......... .......... .......... .......... 80% 5.18M 1s
 15100K .......... .......... .......... .......... .......... 81% 19.2M 1s
 15150K .......... .......... .......... .......... .......... 81% 16.9M 1s
 15200K .......... .......... .......... .......... .......... 81% 17.7M 1s
 15250K .......... .......... .......... .......... .......... 81%  740K 1s
 15300K .......... .......... .......... .......... .......... 82% 16.1M 1s
 15350K .......... .......... .......... .......... .......... 82%  886K 1s
 15400K .......... .......... .......... .......... .......... 82% 19.7M 1s
 15450K .......... .......... .......... .......... .......... 82% 19.3M 1s
 15500K .......... .......... .......... .......... .......... 83% 17.9M 1s
 15550K .......... .......... .......... .......... .......... 83% 16.2M 1s
 15600K .......... .......... .......... .......... .......... 83% 18.6M 1s
 15650K .......... .......... .......... .......... .......... 83% 17.9M 1s
 15700K .......... .......... .......... .......... .......... 84% 21.0M 1s
 15750K .......... .......... .......... .......... .......... 84% 18.2M 1s
 15800K .......... .......... .......... .......... .......... 84% 10.9M 1s
 15850K .......... .......... .......... .......... .......... 85% 17.0M 1s
 15900K .......... .......... .......... .......... .......... 85% 25.0M 1s
 15950K .......... .......... .......... .......... .......... 85% 3.97M 1s
 16000K .......... .......... .......... .......... .......... 85% 27.5M 1s
 16050K .......... .......... .......... .......... .......... 86%  696K 1s
 16100K .......... .......... .......... .......... .......... 86% 16.8M 1s
 16150K .......... .......... .......... .......... .......... 86% 21.1M 1s
 16200K .......... .......... .......... .......... .......... 86% 23.8M 1s
 16250K .......... .......... .......... .......... .......... 87% 25.1M 1s
 16300K .......... .......... .......... .......... .......... 87% 23.3M 1s
 16350K .......... .......... .......... .......... .......... 87%  962K 1s
 16400K .......... .......... .......... .......... .......... 88% 13.8M 1s
 16450K .......... .......... .......... .......... .......... 88% 12.2M 1s
 16500K .......... .......... .......... .......... .......... 88% 17.3M 1s
 16550K .......... .......... .......... .......... .......... 88% 19.3M 1s
 16600K .......... .......... .......... .......... .......... 89% 21.8M 1s
 16650K .......... .......... .......... .......... .......... 89% 5.34M 1s
 16700K .......... .......... .......... .......... .......... 89% 22.9M 1s
 16750K .......... .......... .......... .......... .......... 89% 25.8M 1s
 16800K .......... .......... .......... .......... .......... 90% 19.9M 1s
 16850K .......... .......... .......... .......... .......... 90% 21.7M 1s
 16900K .......... .......... .......... .......... .......... 90% 6.56M 1s
 16950K .......... .......... .......... .......... .......... 90%  673K 1s
 17000K .......... .......... .......... .......... .......... 91% 24.7M 1s
 17050K .......... .......... .......... .......... .......... 91% 25.6M 1s
 17100K .......... .......... .......... .......... .......... 91% 26.7M 0s
 17150K .......... .......... .......... .......... .......... 92%  888K 0s
 17200K .......... .......... .......... .......... .......... 92% 19.9M 0s
 17250K .......... .......... .......... .......... .......... 92% 22.1M 0s
 17300K .......... .......... .......... .......... .......... 92% 24.3M 0s
 17350K .......... .......... .......... .......... .......... 93% 21.3M 0s
 17400K .......... .......... .......... .......... .......... 93% 24.4M 0s
 17450K .......... .......... .......... .......... .......... 93% 23.8M 0s
 17500K .......... .......... .......... .......... .......... 93% 23.6M 0s
 17550K .......... .......... .......... .......... .......... 94% 4.65M 0s
 17600K .......... .......... .......... .......... .......... 94% 22.6M 0s
 17650K .......... .......... .......... .......... .......... 94% 23.1M 0s
 17700K .......... .......... .......... .......... .......... 94% 20.9M 0s
 17750K .......... .......... .......... .......... .......... 95% 4.87M 0s
 17800K .......... .......... .......... .......... .......... 95% 21.4M 0s
 17850K .......... .......... .......... .......... .......... 95% 21.7M 0s
 17900K .......... .......... .......... .......... .......... 96%  732K 0s
 17950K .......... .......... .......... .......... .......... 96% 18.3M 0s
 18000K .......... .......... .......... .......... .......... 96% 18.3M 0s
 18050K .......... .......... .......... .......... .......... 96%  868K 0s
 18100K .......... .......... .......... .......... .......... 97% 16.8M 0s
 18150K .......... .......... .......... .......... .......... 97% 18.3M 0s
 18200K .......... .......... .......... .......... .......... 97% 17.6M 0s
 18250K .......... .......... .......... .......... .......... 97% 19.7M 0s
 18300K .......... .......... .......... .......... .......... 98% 18.6M 0s
 18350K .......... .......... .......... .......... .......... 98% 20.1M 0s
 18400K .......... .......... .......... .......... .......... 98% 18.6M 0s
 18450K .......... .......... .......... .......... .......... 98% 21.6M 0s
 18500K .......... .......... .......... .......... .......... 99% 12.5M 0s
 18550K .......... .......... .......... .......... .......... 99% 19.4M 0s
 18600K .......... .......... .......... .......... .......... 99% 3.88M 0s
 18650K .......... .......... .......... ..........           100% 26.2M=5.8s

2016-02-10 16:35:57 (3.16 MB/s) - 'chr19.fa.gz' saved [19139583/19139583]

